<?xml version="1.0" encoding="UTF-8"?>
<testng-results skipped="0" failed="0" ignored="0" total="1" passed="1">
  <reporter-output>
  </reporter-output>
  <suite name="Default suite" duration-ms="18822" started-at="2018-10-23T14:47:26Z" finished-at="2018-10-23T14:47:45Z">
    <groups>
    </groups>
    <test name="Default test" duration-ms="18822" started-at="2018-10-23T14:47:26Z" finished-at="2018-10-23T14:47:45Z">
      <class name="com.parallel.execution.RunMyMethod">
        <test-method status="PASS" signature="run()[pri:0, instance:com.parallel.execution.RunMyMethod@68be2bc2]" name="run" duration-ms="18800" started-at="2018-10-23T14:47:26Z" finished-at="2018-10-23T14:47:45Z">
          <reporter-output>
          </reporter-output>
        </test-method> <!-- run -->
      </class> <!-- com.parallel.execution.RunMyMethod -->
    </test> <!-- Default test -->
  </suite> <!-- Default suite -->
</testng-results>
